<?xml version="1.0" encoding="UTF-8"?>
<!-- Generated by org.testng.reporters.JUnitReportReporter -->
<testsuite skipped="0" hostname="DESKTOP-INQUNRP" name="fb.Check" tests="1" failures="0" timestamp="28 May 2018 22:08:09 GMT" time="0.009" errors="0">
  <testcase name="exam" time="0.009" classname="fb.Check"/>
</testsuite> <!-- fb.Check -->
