<?xml version="1.0" encoding="UTF-8"?>
<!-- Generated by org.testng.reporters.JUnitReportReporter -->
<testsuite skipped="0" hostname="DESKTOP-INQUNRP" name="rose.RediffLoginTest" tests="2" failures="0" timestamp="29 May 2018 02:11:43 GMT" time="35.253" errors="0">
  <testcase name="fblogin" time="21.665" classname="rose.RediffLoginTest"/>
  <testcase name="dologintest" time="13.588" classname="rose.RediffLoginTest"/>
</testsuite> <!-- rose.RediffLoginTest -->
