<?xml version="1.0" encoding="UTF-8"?>
<!-- Generated by org.testng.reporters.JUnitReportReporter -->
<testsuite skipped="0" hostname="DESKTOP-INQUNRP" name="pageObject.LoginTest" tests="2" failures="0" timestamp="25 May 2018 01:40:39 GMT" time="29.391" errors="0">
  <testcase name="dologing" time="20.457" classname="pageObject.LoginTest"/>
  <testcase name="Google" time="8.934" classname="pageObject.LoginTest"/>
</testsuite> <!-- pageObject.LoginTest -->
