<?xml version="1.0" encoding="UTF-8"?>
<!-- Generated by org.testng.reporters.JUnitReportReporter -->
<testsuite skipped="0" hostname="DESKTOP-INQUNRP" name="testCases.LoginTest" tests="2" failures="0" timestamp="16 May 2018 23:10:39 GMT" time="40.409" errors="0">
  <testcase name="dologing" time="30.928" classname="testCases.LoginTest"/>
  <testcase name="Google" time="9.481" classname="testCases.LoginTest"/>
</testsuite> <!-- testCases.LoginTest -->
