<?xml version="1.0" encoding="UTF-8"?>
<!-- Generated by org.testng.reporters.JUnitReportReporter -->
<testsuite skipped="0" hostname="DESKTOP-INQUNRP" name="matrics.RediffLoginTest" tests="2" failures="0" timestamp="28 May 2018 23:13:34 GMT" time="34.771" errors="0">
  <testcase name="fblogin" time="23.238" classname="matrics.RediffLoginTest"/>
  <testcase name="dologintest" time="11.533" classname="matrics.RediffLoginTest"/>
</testsuite> <!-- matrics.RediffLoginTest -->
