<?xml version="1.0" encoding="UTF-8"?>
<!-- Generated by org.testng.reporters.JUnitReportReporter -->
<testsuite skipped="0" hostname="DESKTOP-INQUNRP" name="fb.AbcTest" tests="2" failures="0" timestamp="28 May 2018 23:13:34 GMT" time="10.125" errors="0">
  <testcase name="facebooklogin" time="10.125" classname="fb.AbcTest"/>
  <testcase name="exam" time="0.000" classname="fb.AbcTest"/>
</testsuite> <!-- fb.AbcTest -->
