<?xml version="1.0" encoding="UTF-8"?>
<!-- Generated by org.testng.reporters.JUnitReportReporter -->
<testsuite skipped="0" hostname="DESKTOP-INQUNRP" name="usps.XyzTest" tests="1" failures="0" timestamp="28 May 2018 23:13:34 GMT" time="0.000" errors="0">
  <testcase name="seleniumTest" time="0.000" classname="usps.XyzTest"/>
</testsuite> <!-- usps.XyzTest -->
